2025-06-23 00:16:31.384 [HikariPool-1 housekeeper] WARN  com.zaxxer.hikari.pool.HikariPool - HikariPool-1 - Thread starvation or clock leap detected (housekeeper delta=1h59m33s363ms545µs100ns).
2025-06-23 01:19:24.984 [HikariPool-1 housekeeper] WARN  com.zaxxer.hikari.pool.HikariPool - HikariPool-1 - Thread starvation or clock leap detected (housekeeper delta=47m2s988ms100µs800ns).
2025-06-23 01:26:07.513 [http-nio-8080-exec-8] INFO  SECURITY - Login attempt for user 'admin' from IP: 0:0:0:0:0:0:0:1
2025-06-23 01:26:08.318 [http-nio-8080-exec-8] INFO  SECURITY - User 'admin' logged in successfully from IP: 0:0:0:0:0:0:0:1
2025-06-23 01:32:03.750 [background-preinit] INFO  o.h.validator.internal.util.Version - HV000001: Hibernate Validator 8.0.1.Final
2025-06-23 01:32:03.820 [restartedMain] INFO  c.b.f.FlowerbouquetApplication - Starting FlowerbouquetApplication using Java 17.0.15 with PID 27476 (C:\Users\jegathr1\Desktop\School\m183-backend-flowerbouquet\target\classes started by jegathr1 in c:\Users\jegathr1\Desktop\School\m183-backend-flowerbouquet)
2025-06-23 01:32:03.823 [restartedMain] INFO  c.b.f.FlowerbouquetApplication - The following 1 profile is active: "dev"
2025-06-23 01:32:03.890 [restartedMain] INFO  o.s.b.d.e.DevToolsPropertyDefaultsPostProcessor - Devtools property defaults active! Set 'spring.devtools.add-properties' to 'false' to disable
2025-06-23 01:32:03.891 [restartedMain] INFO  o.s.b.d.e.DevToolsPropertyDefaultsPostProcessor - For additional web related logging consider setting the 'logging.level.web' property to 'DEBUG'
2025-06-23 01:32:05.387 [restartedMain] INFO  o.s.d.r.c.RepositoryConfigurationDelegate - Bootstrapping Spring Data JPA repositories in DEFAULT mode.
2025-06-23 01:32:05.537 [restartedMain] INFO  o.s.d.r.c.RepositoryConfigurationDelegate - Finished Spring Data repository scanning in 133 ms. Found 3 JPA repository interfaces.
2025-06-23 01:32:06.168 [restartedMain] WARN  o.s.c.s.PostProcessorRegistrationDelegate$BeanPostProcessorChecker - Bean 'validationConfig' of type [com.bbzbl.flowerbouquet.validation.ValidationConfig$$SpringCGLIB$$0] is not eligible for getting processed by all BeanPostProcessors (for example: not eligible for auto-proxying). The currently created BeanPostProcessor [methodValidationPostProcessor] is declared through a non-static factory method on that class; consider declaring it as static instead.
2025-06-23 01:32:06.187 [restartedMain] WARN  o.s.c.s.PostProcessorRegistrationDelegate$BeanPostProcessorChecker - Bean 'validator' of type [org.springframework.validation.beanvalidation.LocalValidatorFactoryBean] is not eligible for getting processed by all BeanPostProcessors (for example: not eligible for auto-proxying). Is this bean getting eagerly injected into a currently created BeanPostProcessor [methodValidationPostProcessor]? Check the corresponding BeanPostProcessor declaration and its dependencies.
2025-06-23 01:32:07.205 [restartedMain] INFO  o.s.b.w.e.tomcat.TomcatWebServer - Tomcat initialized with port 8080 (http)
2025-06-23 01:32:07.240 [restartedMain] INFO  o.a.coyote.http11.Http11NioProtocol - Initializing ProtocolHandler ["http-nio-8080"]
2025-06-23 01:32:07.250 [restartedMain] INFO  o.a.catalina.core.StandardService - Starting service [Tomcat]
2025-06-23 01:32:07.251 [restartedMain] INFO  o.a.catalina.core.StandardEngine - Starting Servlet engine: [Apache Tomcat/10.1.20]
2025-06-23 01:32:07.416 [restartedMain] INFO  o.a.c.c.C.[Tomcat].[localhost].[/] - Initializing Spring embedded WebApplicationContext
2025-06-23 01:32:07.417 [restartedMain] INFO  o.s.b.w.s.c.ServletWebServerApplicationContext - Root WebApplicationContext: initialization completed in 3525 ms
2025-06-23 01:32:07.529 [restartedMain] INFO  com.zaxxer.hikari.HikariDataSource - HikariPool-1 - Starting...
2025-06-23 01:32:08.004 [restartedMain] INFO  com.zaxxer.hikari.pool.HikariPool - HikariPool-1 - Added connection conn0: url=jdbc:h2:mem:flowershop user=SA
2025-06-23 01:32:08.011 [restartedMain] INFO  com.zaxxer.hikari.HikariDataSource - HikariPool-1 - Start completed.
2025-06-23 01:32:08.051 [restartedMain] INFO  o.s.b.a.h.H2ConsoleAutoConfiguration - H2 console available at '/h2-console'. Database available at 'jdbc:h2:mem:flowershop'
2025-06-23 01:32:08.639 [restartedMain] INFO  o.h.jpa.internal.util.LogHelper - HHH000204: Processing PersistenceUnitInfo [name: default]
2025-06-23 01:32:08.810 [restartedMain] INFO  org.hibernate.Version - HHH000412: Hibernate ORM core version 6.4.4.Final
2025-06-23 01:32:08.900 [restartedMain] INFO  o.h.c.i.RegionFactoryInitiator - HHH000026: Second-level cache disabled
2025-06-23 01:32:09.486 [restartedMain] INFO  o.s.o.j.p.SpringPersistenceUnitInfo - No LoadTimeWeaver setup: ignoring JPA class transformer
2025-06-23 01:32:09.616 [restartedMain] WARN  org.hibernate.orm.deprecation - HHH90000025: H2Dialect does not need to be specified explicitly using 'hibernate.dialect' (remove the property setting and it will be selected by default)
2025-06-23 01:32:11.801 [restartedMain] INFO  o.h.e.t.j.p.i.JtaPlatformInitiator - HHH000489: No JTA platform available (set 'hibernate.transaction.jta.platform' to enable JTA platform integration)
2025-06-23 01:32:11.879 [restartedMain] INFO  o.s.o.j.LocalContainerEntityManagerFactoryBean - Initialized JPA EntityManagerFactory for persistence unit 'default'
2025-06-23 01:32:12.531 [restartedMain] INFO  o.s.d.j.r.query.QueryEnhancerFactory - Hibernate is in classpath; If applicable, HQL parser will be used.
2025-06-23 01:32:15.739 [restartedMain] INFO  o.s.b.d.a.OptionalLiveReloadServer - LiveReload server is running on port 35729
2025-06-23 01:32:15.780 [restartedMain] INFO  o.a.coyote.http11.Http11NioProtocol - Starting ProtocolHandler ["http-nio-8080"]
2025-06-23 01:32:15.895 [restartedMain] INFO  o.s.b.w.e.tomcat.TomcatWebServer - Tomcat started on port 8080 (http) with context path ''
2025-06-23 01:32:15.930 [restartedMain] INFO  c.b.f.FlowerbouquetApplication - Started FlowerbouquetApplication in 12.768 seconds (process running for 13.781)
2025-06-23 01:32:26.012 [http-nio-8080-exec-1] INFO  o.a.c.c.C.[Tomcat].[localhost].[/] - Initializing Spring DispatcherServlet 'dispatcherServlet'
2025-06-23 01:32:26.013 [http-nio-8080-exec-1] INFO  o.s.web.servlet.DispatcherServlet - Initializing Servlet 'dispatcherServlet'
2025-06-23 01:32:26.015 [http-nio-8080-exec-1] INFO  o.s.web.servlet.DispatcherServlet - Completed initialization in 1 ms
2025-06-23 01:32:26.190 [http-nio-8080-exec-1] INFO  SECURITY - Login attempt for user 'admin' from IP: 0:0:0:0:0:0:0:1
2025-06-23 01:32:26.815 [http-nio-8080-exec-1] WARN  SECURITY - Failed login for user 'admin' from IP: 0:0:0:0:0:0:0:1, attempts: 1
2025-06-23 01:32:26.816 [http-nio-8080-exec-1] WARN  SECURITY - LOGIN_FAILURE | User: admin | IP: 0:0:0:0:0:0:0:1 | Time: 2025-06-23T01:32:26.815827800 | Reason: Invalid credentials
2025-06-23 01:32:35.968 [http-nio-8080-exec-3] INFO  SECURITY - Login attempt for user 'admin' from IP: 0:0:0:0:0:0:0:1
2025-06-23 01:32:36.812 [http-nio-8080-exec-3] WARN  o.a.c.util.SessionIdGeneratorBase - Creation of SecureRandom instance for session ID generation using [SHA1PRNG] took [153] milliseconds.
2025-06-23 01:32:36.824 [http-nio-8080-exec-3] INFO  SECURITY - User 'admin' logged in successfully from IP: 0:0:0:0:0:0:0:1
2025-06-23 01:36:40.948 [File Watcher] INFO  o.s.b.d.a.LocalDevToolsAutoConfiguration$RestartingClassPathChangeChangedEventListener - Restarting due to 1 class path change (0 additions, 0 deletions, 1 modification)
2025-06-23 01:36:40.956 [Thread-5] INFO  o.a.coyote.http11.Http11NioProtocol - Stopping ProtocolHandler ["http-nio-8080"]
2025-06-23 01:36:40.981 [Thread-5] INFO  o.s.o.j.LocalContainerEntityManagerFactoryBean - Closing JPA EntityManagerFactory for persistence unit 'default'
2025-06-23 01:36:40.995 [Thread-5] WARN  o.s.b.f.s.DisposableBeanAdapter - Invocation of destroy method failed on bean with name 'inMemoryDatabaseShutdownExecutor': org.h2.jdbc.JdbcSQLNonTransientConnectionException: Database is already closed (to disable automatic closing at VM shutdown, add ";DB_CLOSE_ON_EXIT=FALSE" to the db URL) [90121-224]
2025-06-23 01:36:40.996 [Thread-5] INFO  com.zaxxer.hikari.HikariDataSource - HikariPool-1 - Shutdown initiated...
2025-06-23 01:36:41.001 [Thread-5] INFO  com.zaxxer.hikari.HikariDataSource - HikariPool-1 - Shutdown completed.
2025-06-23 01:36:41.164 [restartedMain] INFO  c.b.f.FlowerbouquetApplication - Starting FlowerbouquetApplication using Java 17.0.15 with PID 27476 (C:\Users\jegathr1\Desktop\School\m183-backend-flowerbouquet\target\classes started by jegathr1 in c:\Users\jegathr1\Desktop\School\m183-backend-flowerbouquet)
2025-06-23 01:36:41.165 [restartedMain] INFO  c.b.f.FlowerbouquetApplication - The following 1 profile is active: "dev"
2025-06-23 01:36:41.580 [restartedMain] INFO  o.s.d.r.c.RepositoryConfigurationDelegate - Bootstrapping Spring Data JPA repositories in DEFAULT mode.
2025-06-23 01:36:41.614 [restartedMain] INFO  o.s.d.r.c.RepositoryConfigurationDelegate - Finished Spring Data repository scanning in 31 ms. Found 3 JPA repository interfaces.
2025-06-23 01:36:41.762 [restartedMain] WARN  o.s.c.s.PostProcessorRegistrationDelegate$BeanPostProcessorChecker - Bean 'validationConfig' of type [com.bbzbl.flowerbouquet.validation.ValidationConfig$$SpringCGLIB$$0] is not eligible for getting processed by all BeanPostProcessors (for example: not eligible for auto-proxying). The currently created BeanPostProcessor [methodValidationPostProcessor] is declared through a non-static factory method on that class; consider declaring it as static instead.
2025-06-23 01:36:41.770 [restartedMain] WARN  o.s.c.s.PostProcessorRegistrationDelegate$BeanPostProcessorChecker - Bean 'validator' of type [org.springframework.validation.beanvalidation.LocalValidatorFactoryBean] is not eligible for getting processed by all BeanPostProcessors (for example: not eligible for auto-proxying). Is this bean getting eagerly injected into a currently created BeanPostProcessor [methodValidationPostProcessor]? Check the corresponding BeanPostProcessor declaration and its dependencies.
2025-06-23 01:36:41.906 [restartedMain] INFO  o.s.b.w.e.tomcat.TomcatWebServer - Tomcat initialized with port 8080 (http)
2025-06-23 01:36:41.908 [restartedMain] INFO  o.a.coyote.http11.Http11NioProtocol - Initializing ProtocolHandler ["http-nio-8080"]
2025-06-23 01:36:41.908 [restartedMain] INFO  o.a.catalina.core.StandardService - Starting service [Tomcat]
2025-06-23 01:36:41.909 [restartedMain] INFO  o.a.catalina.core.StandardEngine - Starting Servlet engine: [Apache Tomcat/10.1.20]
2025-06-23 01:36:41.943 [restartedMain] INFO  o.a.c.c.C.[Tomcat].[localhost].[/] - Initializing Spring embedded WebApplicationContext
2025-06-23 01:36:41.944 [restartedMain] INFO  o.s.b.w.s.c.ServletWebServerApplicationContext - Root WebApplicationContext: initialization completed in 776 ms
2025-06-23 01:36:41.967 [restartedMain] INFO  com.zaxxer.hikari.HikariDataSource - HikariPool-2 - Starting...
2025-06-23 01:36:41.978 [restartedMain] INFO  com.zaxxer.hikari.pool.HikariPool - HikariPool-2 - Added connection conn2: url=jdbc:h2:mem:flowershop user=SA
2025-06-23 01:36:41.978 [restartedMain] INFO  com.zaxxer.hikari.HikariDataSource - HikariPool-2 - Start completed.
2025-06-23 01:36:41.980 [restartedMain] INFO  o.s.b.a.h.H2ConsoleAutoConfiguration - H2 console available at '/h2-console'. Database available at 'jdbc:h2:mem:flowershop'
2025-06-23 01:36:42.017 [restartedMain] WARN  o.a.c.c.C.[Tomcat].[localhost].[/] - Cannot deserialize session attribute [SPRING_SECURITY_CONTEXT] for session [8148315A43C064D4BBEAE664275C2E34]
2025-06-23 01:36:42.038 [restartedMain] INFO  o.h.jpa.internal.util.LogHelper - HHH000204: Processing PersistenceUnitInfo [name: default]
2025-06-23 01:36:42.041 [restartedMain] INFO  o.h.c.i.RegionFactoryInitiator - HHH000026: Second-level cache disabled
2025-06-23 01:36:42.047 [restartedMain] INFO  o.s.o.j.p.SpringPersistenceUnitInfo - No LoadTimeWeaver setup: ignoring JPA class transformer
2025-06-23 01:36:42.051 [restartedMain] WARN  org.hibernate.orm.deprecation - HHH90000025: H2Dialect does not need to be specified explicitly using 'hibernate.dialect' (remove the property setting and it will be selected by default)
2025-06-23 01:36:42.174 [restartedMain] INFO  o.h.e.t.j.p.i.JtaPlatformInitiator - HHH000489: No JTA platform available (set 'hibernate.transaction.jta.platform' to enable JTA platform integration)
2025-06-23 01:36:42.187 [restartedMain] INFO  o.s.o.j.LocalContainerEntityManagerFactoryBean - Initialized JPA EntityManagerFactory for persistence unit 'default'
2025-06-23 01:36:42.610 [restartedMain] INFO  o.s.b.d.a.OptionalLiveReloadServer - LiveReload server is running on port 35729
2025-06-23 01:36:42.624 [restartedMain] INFO  o.a.coyote.http11.Http11NioProtocol - Starting ProtocolHandler ["http-nio-8080"]
2025-06-23 01:36:42.633 [restartedMain] INFO  o.s.b.w.e.tomcat.TomcatWebServer - Tomcat started on port 8080 (http) with context path ''
2025-06-23 01:36:42.640 [restartedMain] INFO  c.b.f.FlowerbouquetApplication - Started FlowerbouquetApplication in 1.545 seconds (process running for 280.492)
2025-06-23 01:36:43.095 [restartedMain] INFO  o.s.b.d.a.ConditionEvaluationDeltaLoggingListener - Condition evaluation unchanged
2025-06-23 01:37:08.337 [http-nio-8080-exec-1] INFO  o.a.c.c.C.[Tomcat].[localhost].[/] - Initializing Spring DispatcherServlet 'dispatcherServlet'
2025-06-23 01:37:08.338 [http-nio-8080-exec-1] INFO  o.s.web.servlet.DispatcherServlet - Initializing Servlet 'dispatcherServlet'
2025-06-23 01:37:08.339 [http-nio-8080-exec-1] INFO  o.s.web.servlet.DispatcherServlet - Completed initialization in 1 ms
2025-06-23 01:37:24.531 [http-nio-8080-exec-4] INFO  SECURITY - Login attempt for user 'admin' from IP: 0:0:0:0:0:0:0:1
2025-06-23 01:37:25.168 [http-nio-8080-exec-4] WARN  SECURITY - Failed login for user 'admin' from IP: 0:0:0:0:0:0:0:1, attempts: 1
2025-06-23 01:37:25.169 [http-nio-8080-exec-4] WARN  SECURITY - LOGIN_FAILURE | User: admin | IP: 0:0:0:0:0:0:0:1 | Time: 2025-06-23T01:37:25.169174600 | Reason: Invalid credentials
2025-06-23 01:37:38.437 [http-nio-8080-exec-5] INFO  SECURITY - Login attempt for user 'admin' from IP: 0:0:0:0:0:0:0:1
2025-06-23 01:37:38.760 [http-nio-8080-exec-5] INFO  SECURITY - User 'admin' logged in successfully from IP: 0:0:0:0:0:0:0:1
2025-06-23 02:01:49.398 [http-nio-8080-exec-3] INFO  SECURITY - Login attempt for user 'admin' from IP: 0:0:0:0:0:0:0:1
2025-06-23 02:01:50.369 [http-nio-8080-exec-3] INFO  SECURITY - User 'admin' logged in successfully from IP: 0:0:0:0:0:0:0:1
2025-06-23 02:02:07.936 [http-nio-8080-exec-4] INFO  SECURITY - Login attempt for user 'admin' from IP: 0:0:0:0:0:0:0:1
2025-06-23 02:02:08.734 [http-nio-8080-exec-4] INFO  SECURITY - User 'admin' logged in successfully from IP: 0:0:0:0:0:0:0:1
2025-06-23 02:02:10.320 [http-nio-8080-exec-5] INFO  SECURITY_AUDIT - DATA_ACCESS: {"entityType":"Flower","success":true,"ipAddress":"0:0:0:0:0:0:0:1","entityId":"ALL","eventType":"DATA_ACCESS","operation":"READ","username":"admin","timestamp":"2025-06-23T02:02:10.3136958"}
2025-06-23 02:02:19.825 [http-nio-8080-exec-6] INFO  SECURITY_AUDIT - DATA_ACCESS: {"entityType":"Flower","success":true,"ipAddress":"0:0:0:0:0:0:0:1","entityId":"16","eventType":"DATA_ACCESS","operation":"READ","username":"admin","timestamp":"2025-06-23T02:02:19.8254323"}
2025-06-23 02:02:28.110 [http-nio-8080-exec-8] INFO  SECURITY_AUDIT - DATA_ACCESS: {"entityType":"Flower","success":true,"ipAddress":"0:0:0:0:0:0:0:1","entityId":"ALL","eventType":"DATA_ACCESS","operation":"READ","username":"admin","timestamp":"2025-06-23T02:02:28.110188"}
2025-06-23 02:02:35.213 [http-nio-8080-exec-9] INFO  SECURITY_AUDIT - DATA_ACCESS: {"entityType":"Flower","success":true,"ipAddress":"0:0:0:0:0:0:0:1","entityId":"ALL","eventType":"DATA_ACCESS","operation":"READ","username":"admin","timestamp":"2025-06-23T02:02:35.2134342"}
2025-06-23 02:02:35.229 [http-nio-8080-exec-10] INFO  SECURITY_AUDIT - DATA_ACCESS: {"entityType":"Flower","success":true,"ipAddress":"0:0:0:0:0:0:0:1","entityId":"ALL","eventType":"DATA_ACCESS","operation":"READ","username":"admin","timestamp":"2025-06-23T02:02:35.2297008"}
2025-06-23 02:03:13.498 [http-nio-8080-exec-2] INFO  SECURITY_AUDIT - DATA_ACCESS: {"entityType":"Flower","success":true,"ipAddress":"0:0:0:0:0:0:0:1","entityId":"21","eventType":"DATA_ACCESS","operation":"CREATE","username":"admin","timestamp":"2025-06-23T02:03:13.4989407"}
2025-06-23 02:03:13.512 [http-nio-8080-exec-3] INFO  SECURITY_AUDIT - DATA_ACCESS: {"entityType":"Flower","success":true,"ipAddress":"0:0:0:0:0:0:0:1","entityId":"ALL","eventType":"DATA_ACCESS","operation":"READ","username":"admin","timestamp":"2025-06-23T02:03:13.5129418"}
2025-06-23 02:03:24.520 [http-nio-8080-exec-7] INFO  SECURITY_AUDIT - DATA_ACCESS: {"entityType":"Flower","success":true,"ipAddress":"0:0:0:0:0:0:0:1","entityId":"21","eventType":"DATA_ACCESS","operation":"UPDATE","username":"admin","timestamp":"2025-06-23T02:03:24.5208125"}
2025-06-23 02:03:24.532 [http-nio-8080-exec-6] INFO  SECURITY_AUDIT - DATA_ACCESS: {"entityType":"Flower","success":true,"ipAddress":"0:0:0:0:0:0:0:1","entityId":"ALL","eventType":"DATA_ACCESS","operation":"READ","username":"admin","timestamp":"2025-06-23T02:03:24.5328282"}
2025-06-23 02:03:28.016 [http-nio-8080-exec-9] INFO  SECURITY_AUDIT - DATA_ACCESS: {"entityType":"Flower","success":true,"ipAddress":"0:0:0:0:0:0:0:1","entityId":"21","eventType":"DATA_ACCESS","operation":"DELETE","username":"admin","timestamp":"2025-06-23T02:03:28.0168824"}
2025-06-23 02:03:28.031 [http-nio-8080-exec-10] INFO  SECURITY_AUDIT - DATA_ACCESS: {"entityType":"Flower","success":true,"ipAddress":"0:0:0:0:0:0:0:1","entityId":"ALL","eventType":"DATA_ACCESS","operation":"READ","username":"admin","timestamp":"2025-06-23T02:03:28.0318803"}
2025-06-23 02:03:37.362 [http-nio-8080-exec-2] INFO  SECURITY - User 'admin' logged out from IP: 0:0:0:0:0:0:0:1
2025-06-23 02:03:58.383 [http-nio-8080-exec-3] INFO  SECURITY - Registration attempt for username 'demo' from IP: 0:0:0:0:0:0:0:1
2025-06-23 02:03:59.139 [http-nio-8080-exec-3] INFO  SECURITY - User 'demo' registered successfully from IP: 0:0:0:0:0:0:0:1
2025-06-23 02:04:09.285 [http-nio-8080-exec-4] INFO  SECURITY - Login attempt for user 'demo' from IP: 0:0:0:0:0:0:0:1
2025-06-23 02:04:10.144 [http-nio-8080-exec-4] INFO  SECURITY - User 'demo' logged in successfully from IP: 0:0:0:0:0:0:0:1
2025-06-23 02:04:11.679 [http-nio-8080-exec-5] INFO  SECURITY_AUDIT - DATA_ACCESS: {"entityType":"Flower","success":true,"ipAddress":"0:0:0:0:0:0:0:1","entityId":"ALL","eventType":"DATA_ACCESS","operation":"READ","username":"demo","timestamp":"2025-06-23T02:04:11.6791358"}
2025-06-23 02:04:54.182 [http-nio-8080-exec-8] INFO  SECURITY - Login attempt for user 'demo' from IP: 0:0:0:0:0:0:0:1
2025-06-23 02:04:54.978 [http-nio-8080-exec-8] WARN  SECURITY - Failed login for user 'demo' from IP: 0:0:0:0:0:0:0:1, attempts: 1
2025-06-23 02:04:54.980 [http-nio-8080-exec-8] WARN  SECURITY - LOGIN_FAILURE | User: demo | IP: 0:0:0:0:0:0:0:1 | Time: 2025-06-23T02:04:54.980918500 | Reason: Invalid credentials
2025-06-23 02:05:07.721 [http-nio-8080-exec-10] INFO  SECURITY - Login attempt for user 'demo' from IP: 0:0:0:0:0:0:0:1
2025-06-23 02:05:08.581 [http-nio-8080-exec-10] INFO  SECURITY - User 'demo' logged in successfully from IP: 0:0:0:0:0:0:0:1
2025-06-23 02:05:10.112 [http-nio-8080-exec-1] INFO  SECURITY_AUDIT - DATA_ACCESS: {"entityType":"Flower","success":true,"ipAddress":"0:0:0:0:0:0:0:1","entityId":"ALL","eventType":"DATA_ACCESS","operation":"READ","username":"demo","timestamp":"2025-06-23T02:05:10.1117208"}
2025-06-23 02:06:15.853 [http-nio-8080-exec-4] INFO  SECURITY_AUDIT - DATA_ACCESS: {"entityType":"Flower","success":true,"ipAddress":"0:0:0:0:0:0:0:1","entityId":"ALL","eventType":"DATA_ACCESS","operation":"READ","username":"demo","timestamp":"2025-06-23T02:06:15.8521901"}
2025-06-23 02:10:42.574 [http-nio-8080-exec-8] INFO  SECURITY_AUDIT - DATA_ACCESS: {"entityType":"Flower","success":true,"ipAddress":"0:0:0:0:0:0:0:1","entityId":"ALL","eventType":"DATA_ACCESS","operation":"READ","username":"demo","timestamp":"2025-06-23T02:10:42.5735867"}
2025-06-23 02:20:11.335 [http-nio-8080-exec-3] INFO  SECURITY_AUDIT - DATA_ACCESS: {"entityType":"Flower","success":true,"ipAddress":"0:0:0:0:0:0:0:1","entityId":"ALL","eventType":"DATA_ACCESS","operation":"READ","username":"demo","timestamp":"2025-06-23T02:20:11.3357447"}
2025-06-23 02:25:33.484 [http-nio-8080-exec-8] INFO  SECURITY_AUDIT - DATA_ACCESS: {"entityType":"Flower","success":true,"ipAddress":"0:0:0:0:0:0:0:1","entityId":"ALL","eventType":"DATA_ACCESS","operation":"READ","username":"demo","timestamp":"2025-06-23T02:25:33.4842824"}
2025-06-23 02:26:09.302 [http-nio-8080-exec-1] INFO  SECURITY_AUDIT - DATA_ACCESS: {"entityType":"Flower","success":true,"ipAddress":"0:0:0:0:0:0:0:1","entityId":"ALL","eventType":"DATA_ACCESS","operation":"READ","username":"demo","timestamp":"2025-06-23T02:26:09.3021727"}
2025-06-23 02:26:16.857 [http-nio-8080-exec-3] INFO  SECURITY_AUDIT - DATA_ACCESS: {"entityType":"Flower","success":true,"ipAddress":"0:0:0:0:0:0:0:1","entityId":"5","eventType":"DATA_ACCESS","operation":"READ","username":"demo","timestamp":"2025-06-23T02:26:16.8560836"}
2025-06-23 02:26:23.055 [http-nio-8080-exec-4] INFO  SECURITY_AUDIT - DATA_ACCESS: {"entityType":"Flower","success":true,"ipAddress":"0:0:0:0:0:0:0:1","entityId":"ALL","eventType":"DATA_ACCESS","operation":"READ","username":"demo","timestamp":"2025-06-23T02:26:23.055866"}
2025-06-23 02:29:23.459 [http-nio-8080-exec-10] INFO  SECURITY_AUDIT - DATA_ACCESS: {"entityType":"Flower","success":true,"ipAddress":"0:0:0:0:0:0:0:1","entityId":"ALL","eventType":"DATA_ACCESS","operation":"READ","username":"demo","timestamp":"2025-06-23T02:29:23.4592162"}
2025-06-23 02:29:41.286 [http-nio-8080-exec-3] INFO  SECURITY_AUDIT - DATA_ACCESS: {"entityType":"Flower","success":true,"ipAddress":"0:0:0:0:0:0:0:1","entityId":"ALL","eventType":"DATA_ACCESS","operation":"READ","username":"demo","timestamp":"2025-06-23T02:29:41.2869951"}
2025-06-23 02:30:14.661 [http-nio-8080-exec-4] INFO  SECURITY_AUDIT - DATA_ACCESS: {"entityType":"Flower","success":true,"ipAddress":"0:0:0:0:0:0:0:1","entityId":"ALL","eventType":"DATA_ACCESS","operation":"READ","username":"demo","timestamp":"2025-06-23T02:30:14.6618548"}
2025-06-23 02:30:38.396 [http-nio-8080-exec-9] INFO  SECURITY_AUDIT - DATA_ACCESS: {"entityType":"Flower","success":true,"ipAddress":"0:0:0:0:0:0:0:1","entityId":"ALL","eventType":"DATA_ACCESS","operation":"READ","username":"demo","timestamp":"2025-06-23T02:30:38.3960462"}
2025-06-23 02:31:10.371 [http-nio-8080-exec-1] INFO  SECURITY_AUDIT - DATA_ACCESS: {"entityType":"Flower","success":true,"ipAddress":"0:0:0:0:0:0:0:1","entityId":"16","eventType":"DATA_ACCESS","operation":"READ","username":"demo","timestamp":"2025-06-23T02:31:10.3711112"}
2025-06-23 02:31:28.559 [http-nio-8080-exec-2] INFO  SECURITY_AUDIT - DATA_ACCESS: {"entityType":"Flower","success":true,"ipAddress":"0:0:0:0:0:0:0:1","entityId":"ALL","eventType":"DATA_ACCESS","operation":"READ","username":"demo","timestamp":"2025-06-23T02:31:28.5589242"}
2025-06-23 02:31:32.336 [http-nio-8080-exec-3] INFO  SECURITY_AUDIT - DATA_ACCESS: {"entityType":"Flower","success":true,"ipAddress":"0:0:0:0:0:0:0:1","entityId":"ALL","eventType":"DATA_ACCESS","operation":"READ","username":"demo","timestamp":"2025-06-23T02:31:32.3360443"}
2025-06-23 02:31:36.692 [http-nio-8080-exec-5] INFO  SECURITY - User 'demo' logged out from IP: 0:0:0:0:0:0:0:1
2025-06-23 02:31:49.205 [http-nio-8080-exec-4] INFO  SECURITY - Login attempt for user 'admin' from IP: 0:0:0:0:0:0:0:1
2025-06-23 02:31:49.675 [http-nio-8080-exec-4] WARN  SECURITY - Failed login for user 'admin' from IP: 0:0:0:0:0:0:0:1, attempts: 1
2025-06-23 02:31:49.676 [http-nio-8080-exec-4] WARN  SECURITY - LOGIN_FAILURE | User: admin | IP: 0:0:0:0:0:0:0:1 | Time: 2025-06-23T02:31:49.676454100 | Reason: Invalid credentials
2025-06-23 02:32:12.240 [http-nio-8080-exec-8] INFO  SECURITY - Login attempt for user 'admin' from IP: 0:0:0:0:0:0:0:1
2025-06-23 02:32:12.734 [http-nio-8080-exec-8] INFO  SECURITY - User 'admin' logged in successfully from IP: 0:0:0:0:0:0:0:1
2025-06-23 02:32:14.273 [http-nio-8080-exec-9] INFO  SECURITY_AUDIT - DATA_ACCESS: {"entityType":"Flower","success":true,"ipAddress":"0:0:0:0:0:0:0:1","entityId":"ALL","eventType":"DATA_ACCESS","operation":"READ","username":"admin","timestamp":"2025-06-23T02:32:14.2721253"}
2025-06-23 02:32:32.899 [http-nio-8080-exec-10] INFO  SECURITY_AUDIT - DATA_ACCESS: {"entityType":"Flower","success":true,"ipAddress":"0:0:0:0:0:0:0:1","entityId":"ALL","eventType":"DATA_ACCESS","operation":"READ","username":"admin","timestamp":"2025-06-23T02:32:32.89837"}
2025-06-23 02:32:32.913 [http-nio-8080-exec-1] INFO  SECURITY_AUDIT - DATA_ACCESS: {"entityType":"Flower","success":true,"ipAddress":"0:0:0:0:0:0:0:1","entityId":"ALL","eventType":"DATA_ACCESS","operation":"READ","username":"admin","timestamp":"2025-06-23T02:32:32.9126915"}
2025-06-23 02:32:59.089 [http-nio-8080-exec-3] ERROR SECURITY_AUDIT - SECURITY_VIOLATION: {"severity":"LOW","referer":"http://localhost:4200/","violationType":"INVALID_FLOWER_MEANING","method":"PUT","ipAddress":"0:0:0:0:0:0:0:1","details":"Potential SQL injection detected","userAgent":"Mozilla/5.0 (Windows NT 10.0; Win64; x64) AppleWebKit/537.36 (KHTML, like Gecko) Chrome/137.0.0.0 Safari/537.36","eventType":"SECURITY_VIOLATION","requestUri":"/api/flowers/5","username":"admin","timestamp":"2025-06-23T02:32:59.0890651"}
2025-06-23 02:33:04.726 [http-nio-8080-exec-5] ERROR SECURITY_AUDIT - SECURITY_VIOLATION: {"severity":"LOW","referer":"http://localhost:4200/","violationType":"INVALID_FLOWER_MEANING","method":"PUT","ipAddress":"0:0:0:0:0:0:0:1","details":"Potential SQL injection detected","userAgent":"Mozilla/5.0 (Windows NT 10.0; Win64; x64) AppleWebKit/537.36 (KHTML, like Gecko) Chrome/137.0.0.0 Safari/537.36","eventType":"SECURITY_VIOLATION","requestUri":"/api/flowers/5","username":"admin","timestamp":"2025-06-23T02:33:04.7258787"}
2025-06-23 02:33:24.913 [http-nio-8080-exec-4] INFO  SECURITY_AUDIT - DATA_ACCESS: {"entityType":"Flower","success":true,"ipAddress":"0:0:0:0:0:0:0:1","entityId":"22","eventType":"DATA_ACCESS","operation":"CREATE","username":"admin","timestamp":"2025-06-23T02:33:24.9133668"}
2025-06-23 02:33:24.921 [http-nio-8080-exec-6] INFO  SECURITY_AUDIT - DATA_ACCESS: {"entityType":"Flower","success":true,"ipAddress":"0:0:0:0:0:0:0:1","entityId":"ALL","eventType":"DATA_ACCESS","operation":"READ","username":"admin","timestamp":"2025-06-23T02:33:24.9218598"}
2025-06-23 02:33:40.436 [http-nio-8080-exec-8] INFO  SECURITY_AUDIT - DATA_ACCESS: {"entityType":"Flower","success":true,"ipAddress":"0:0:0:0:0:0:0:1","entityId":"22","eventType":"DATA_ACCESS","operation":"UPDATE","username":"admin","timestamp":"2025-06-23T02:33:40.4360697"}
2025-06-23 02:33:40.446 [http-nio-8080-exec-9] INFO  SECURITY_AUDIT - DATA_ACCESS: {"entityType":"Flower","success":true,"ipAddress":"0:0:0:0:0:0:0:1","entityId":"ALL","eventType":"DATA_ACCESS","operation":"READ","username":"admin","timestamp":"2025-06-23T02:33:40.4462109"}
2025-06-23 02:33:45.500 [http-nio-8080-exec-1] INFO  SECURITY_AUDIT - DATA_ACCESS: {"entityType":"Flower","success":true,"ipAddress":"0:0:0:0:0:0:0:1","entityId":"22","eventType":"DATA_ACCESS","operation":"DELETE","username":"admin","timestamp":"2025-06-23T02:33:45.4990539"}
2025-06-23 02:33:45.508 [http-nio-8080-exec-2] INFO  SECURITY_AUDIT - DATA_ACCESS: {"entityType":"Flower","success":true,"ipAddress":"0:0:0:0:0:0:0:1","entityId":"ALL","eventType":"DATA_ACCESS","operation":"READ","username":"admin","timestamp":"2025-06-23T02:33:45.5080478"}
2025-06-23 02:33:51.207 [http-nio-8080-exec-3] INFO  SECURITY - User 'admin' logged out from IP: 0:0:0:0:0:0:0:1
