2025-06-22 00:29:13.274 [restartedMain] INFO  [SECURITY] o.s.s.web.DefaultSecurityFilterChain - Will secure any request with [org.springframework.security.web.session.DisableEncodeUrlFilter@72e9cb30, org.springframework.security.web.context.request.async.WebAsyncManagerIntegrationFilter@654b4e60, org.springframework.security.web.context.SecurityContextHolderFilter@1f63ae33, org.springframework.security.web.header.HeaderWriterFilter@7eb4823d, org.springframework.web.filter.CorsFilter@119aa64c, org.springframework.security.web.authentication.logout.LogoutFilter@437e25d9, com.bbzbl.flowerbouquet.security.SecurityFilter@76066ddb, org.springframework.security.web.session.ConcurrentSessionFilter@1a71292e, org.springframework.security.web.savedrequest.RequestCacheAwareFilter@174b90cf, org.springframework.security.web.servletapi.SecurityContextHolderAwareRequestFilter@44f5a42, org.springframework.security.web.authentication.AnonymousAuthenticationFilter@1f23bd60, org.springframework.security.web.session.SessionManagementFilter@7a5dcb5e, org.springframework.security.web.access.ExceptionTranslationFilter@52483b82, org.springframework.security.web.access.intercept.AuthorizationFilter@160026b3]
2025-06-22 00:29:14.128 [scheduling-1] INFO  [SECURITY] c.b.f.s.SecurityMaintenanceScheduler - Security maintenance check completed
2025-06-22 00:29:15.143 [restartedMain] INFO  [SECURITY] c.b.f.s.DatabaseSecurityInitializer - Database detected: H2
2025-06-22 00:29:15.144 [restartedMain] INFO  [SECURITY] c.b.f.s.DatabaseSecurityInitializer - H2 Database detected - skipping advanced security settings for development
2025-06-22 00:29:15.145 [restartedMain] INFO  [SECURITY] c.b.f.s.DatabaseSecurityInitializer - Database security initialization completed successfully
2025-06-22 00:30:05.826 [http-nio-8080-exec-2] INFO  [SECURITY] c.b.f.s.SessionManagementService - Session created: D6C0ECBC79DC1675DD789668A26F9014
2025-06-22 00:30:31.845 [http-nio-8080-exec-5] INFO  [SECURITY] c.b.f.security.AuthController - Login attempt - Username: admin, IP: 0:0:0:0:0:0:0:1
2025-06-22 00:31:12.461 [http-nio-8080-exec-8] INFO  [SECURITY] c.b.f.security.AuthController - Login attempt - Username: admin, IP: 0:0:0:0:0:0:0:1
2025-06-22 00:31:55.758 [http-nio-8080-exec-10] INFO  [SECURITY] c.b.f.security.AuthController - Login attempt - Username: admin, IP: 0:0:0:0:0:0:0:1
2025-06-22 00:31:56.138 [http-nio-8080-exec-10] INFO  [SECURITY] c.b.f.s.SessionManagementService - Session created: 30A05B2B9B08AEE1062C3A1F50FA8CB8
2025-06-22 00:32:18.060 [http-nio-8080-exec-4] INFO  [SECURITY] c.b.f.security.AuthController - Login attempt - Username: admin, IP: 0:0:0:0:0:0:0:1
2025-06-22 00:34:14.753 [http-nio-8080-exec-8] INFO  [SECURITY] c.b.f.s.SessionManagementService - Session destroyed: D6C0ECBC79DC1675DD789668A26F9014
2025-06-22 00:34:44.533 [http-nio-8080-exec-2] INFO  [SECURITY] c.b.f.s.SessionManagementService - Session created: F8D680E0765FA98A76F054D59119C08C
2025-06-22 00:34:53.866 [http-nio-8080-exec-4] INFO  [SECURITY] c.b.f.security.AuthController - Login attempt - Username: izzy, IP: 0:0:0:0:0:0:0:1
2025-06-22 00:35:15.031 [http-nio-8080-exec-5] INFO  [SECURITY] c.b.f.security.AuthController - Login attempt - Username: izzy, IP: 0:0:0:0:0:0:0:1
2025-06-22 00:35:37.584 [http-nio-8080-exec-6] INFO  [SECURITY] c.b.f.security.AuthController - Login attempt - Username: admin, IP: 0:0:0:0:0:0:0:1
2025-06-22 00:36:19.005 [http-nio-8080-exec-2] INFO  [SECURITY] c.b.f.s.SessionManagementService - Session destroyed: F8D680E0765FA98A76F054D59119C08C
2025-06-22 00:36:31.028 [http-nio-8080-exec-5] INFO  [SECURITY] c.b.f.security.AuthController - Login attempt - Username: testuser, IP: 0:0:0:0:0:0:0:1
2025-06-22 00:37:12.691 [http-nio-8080-exec-7] INFO  [SECURITY] c.b.f.s.SessionManagementService - Session created: BA2820DCD433E6DFB1929345ACE3EF8E
2025-06-22 00:37:46.735 [http-nio-8080-exec-2] INFO  [SECURITY] c.b.f.security.AuthController - Login attempt - Username: demo, IP: 0:0:0:0:0:0:0:1
2025-06-22 00:45:42.269 [restartedMain] INFO  [SECURITY] o.s.s.web.DefaultSecurityFilterChain - Will secure any request with [org.springframework.security.web.session.DisableEncodeUrlFilter@2c496776, org.springframework.security.web.context.request.async.WebAsyncManagerIntegrationFilter@43c3982f, org.springframework.security.web.context.SecurityContextHolderFilter@166e4a0b, org.springframework.security.web.header.HeaderWriterFilter@2c543e12, org.springframework.web.filter.CorsFilter@27147028, org.springframework.security.web.authentication.logout.LogoutFilter@14df775f, com.bbzbl.flowerbouquet.security.SecurityFilter@21693808, org.springframework.security.web.session.ConcurrentSessionFilter@44456c93, org.springframework.security.web.savedrequest.RequestCacheAwareFilter@1bc7427a, org.springframework.security.web.servletapi.SecurityContextHolderAwareRequestFilter@1f4b93d8, org.springframework.security.web.authentication.AnonymousAuthenticationFilter@34a3736b, org.springframework.security.web.session.SessionManagementFilter@42d8da00, org.springframework.security.web.access.ExceptionTranslationFilter@69077fd7, org.springframework.security.web.access.intercept.AuthorizationFilter@763cb302]
2025-06-22 00:45:42.670 [scheduling-1] INFO  [SECURITY] c.b.f.s.SecurityMaintenanceScheduler - Security maintenance check completed
2025-06-22 00:45:43.352 [restartedMain] INFO  [SECURITY] c.b.f.s.DatabaseSecurityInitializer - Database detected: H2
2025-06-22 00:45:43.354 [restartedMain] INFO  [SECURITY] c.b.f.s.DatabaseSecurityInitializer - H2 Database detected - skipping advanced security settings for development
2025-06-22 00:45:43.355 [restartedMain] INFO  [SECURITY] c.b.f.s.DatabaseSecurityInitializer - Database security initialization completed successfully
2025-06-22 00:46:08.085 [restartedMain] INFO  [SECURITY] o.s.s.web.DefaultSecurityFilterChain - Will secure any request with [org.springframework.security.web.session.DisableEncodeUrlFilter@759e1f90, org.springframework.security.web.context.request.async.WebAsyncManagerIntegrationFilter@3aaafbac, org.springframework.security.web.context.SecurityContextHolderFilter@3cf9d030, org.springframework.security.web.header.HeaderWriterFilter@2504e0b3, org.springframework.web.filter.CorsFilter@3e4f2ed7, org.springframework.security.web.authentication.logout.LogoutFilter@13179b26, com.bbzbl.flowerbouquet.security.SecurityFilter@51110a61, org.springframework.security.web.session.ConcurrentSessionFilter@21d8d8e9, org.springframework.security.web.savedrequest.RequestCacheAwareFilter@599f3c32, org.springframework.security.web.servletapi.SecurityContextHolderAwareRequestFilter@38a10fa0, org.springframework.security.web.authentication.AnonymousAuthenticationFilter@3f0ec63e, org.springframework.security.web.session.SessionManagementFilter@5f81a3a0, org.springframework.security.web.access.ExceptionTranslationFilter@173d785, org.springframework.security.web.access.intercept.AuthorizationFilter@50f3f10e]
2025-06-22 00:46:08.926 [scheduling-1] INFO  [SECURITY] c.b.f.s.SecurityMaintenanceScheduler - Security maintenance check completed
2025-06-22 00:46:09.963 [restartedMain] INFO  [SECURITY] c.b.f.s.DatabaseSecurityInitializer - Database detected: H2
2025-06-22 00:46:09.963 [restartedMain] INFO  [SECURITY] c.b.f.s.DatabaseSecurityInitializer - H2 Database detected - skipping advanced security settings for development
2025-06-22 00:46:09.964 [restartedMain] INFO  [SECURITY] c.b.f.s.DatabaseSecurityInitializer - Database security initialization completed successfully
2025-06-22 00:46:59.391 [http-nio-8080-exec-4] INFO  [SECURITY] c.b.f.security.AuthController - Login attempt - Username: demo, IP: 0:0:0:0:0:0:0:1
2025-06-22 00:47:00.266 [http-nio-8080-exec-4] INFO  [SECURITY] c.b.f.s.SessionManagementService - Session created: 115A42F1E94E4AFBCA17EB04804243E5
2025-06-22 00:48:13.970 [http-nio-8080-exec-7] INFO  [SECURITY] c.b.f.s.SessionManagementService - Session destroyed: 115A42F1E94E4AFBCA17EB04804243E5
2025-06-22 00:48:23.972 [http-nio-8080-exec-9] INFO  [SECURITY] c.b.f.security.AuthController - Login attempt - Username: admin, IP: 0:0:0:0:0:0:0:1
2025-06-22 00:48:24.388 [http-nio-8080-exec-9] INFO  [SECURITY] c.b.f.s.SessionManagementService - Session created: 72F7318F2226E20FC49630BE5EDCB6B2
2025-06-22 00:48:36.213 [http-nio-8080-exec-9] INFO  [SECURITY] c.b.f.s.SessionManagementService - Session destroyed: 72F7318F2226E20FC49630BE5EDCB6B2
2025-06-22 00:49:03.040 [restartedMain] INFO  [SECURITY] o.s.s.web.DefaultSecurityFilterChain - Will secure any request with [org.springframework.security.web.session.DisableEncodeUrlFilter@fbbd790, org.springframework.security.web.context.request.async.WebAsyncManagerIntegrationFilter@3e489dad, org.springframework.security.web.context.SecurityContextHolderFilter@57e5b64, org.springframework.security.web.header.HeaderWriterFilter@4f3c8f7d, org.springframework.web.filter.CorsFilter@3bf6d1dc, org.springframework.security.web.authentication.logout.LogoutFilter@71c80153, com.bbzbl.flowerbouquet.security.SecurityFilter@169aa4c3, org.springframework.security.web.session.ConcurrentSessionFilter@276d7805, org.springframework.security.web.savedrequest.RequestCacheAwareFilter@2e926bd1, org.springframework.security.web.servletapi.SecurityContextHolderAwareRequestFilter@4afb2b85, org.springframework.security.web.authentication.AnonymousAuthenticationFilter@8a2743e, org.springframework.security.web.session.SessionManagementFilter@3dcb38ce, org.springframework.security.web.access.ExceptionTranslationFilter@2881461a, org.springframework.security.web.access.intercept.AuthorizationFilter@5f8d9d49]
2025-06-22 00:49:03.155 [scheduling-1] INFO  [SECURITY] c.b.f.s.SecurityMaintenanceScheduler - Security maintenance check completed
2025-06-22 00:49:03.560 [restartedMain] INFO  [SECURITY] c.b.f.s.DatabaseSecurityInitializer - Database detected: H2
2025-06-22 00:49:03.560 [restartedMain] INFO  [SECURITY] c.b.f.s.DatabaseSecurityInitializer - H2 Database detected - skipping advanced security settings for development
2025-06-22 00:49:03.560 [restartedMain] INFO  [SECURITY] c.b.f.s.DatabaseSecurityInitializer - Database security initialization completed successfully
2025-06-22 00:49:14.307 [restartedMain] INFO  [SECURITY] o.s.s.web.DefaultSecurityFilterChain - Will secure any request with [org.springframework.security.web.session.DisableEncodeUrlFilter@596ef65c, org.springframework.security.web.context.request.async.WebAsyncManagerIntegrationFilter@216ac14c, org.springframework.security.web.context.SecurityContextHolderFilter@25766a30, org.springframework.security.web.header.HeaderWriterFilter@70f5aae6, org.springframework.web.filter.CorsFilter@8f3d5af, org.springframework.security.web.authentication.logout.LogoutFilter@53fa87d, com.bbzbl.flowerbouquet.security.SecurityFilter@586c3095, org.springframework.security.web.session.ConcurrentSessionFilter@2ef8a874, org.springframework.security.web.savedrequest.RequestCacheAwareFilter@780946e2, org.springframework.security.web.servletapi.SecurityContextHolderAwareRequestFilter@78dedba1, org.springframework.security.web.authentication.AnonymousAuthenticationFilter@41339b8d, org.springframework.security.web.session.SessionManagementFilter@5fbbfd87, org.springframework.security.web.access.ExceptionTranslationFilter@13531ac9, org.springframework.security.web.access.intercept.AuthorizationFilter@393e16fa]
2025-06-22 00:49:14.420 [scheduling-1] INFO  [SECURITY] c.b.f.s.SecurityMaintenanceScheduler - Security maintenance check completed
2025-06-22 00:49:14.837 [restartedMain] INFO  [SECURITY] c.b.f.s.DatabaseSecurityInitializer - Database detected: H2
2025-06-22 00:49:14.837 [restartedMain] INFO  [SECURITY] c.b.f.s.DatabaseSecurityInitializer - H2 Database detected - skipping advanced security settings for development
2025-06-22 00:49:14.837 [restartedMain] INFO  [SECURITY] c.b.f.s.DatabaseSecurityInitializer - Database security initialization completed successfully
2025-06-22 00:50:36.167 [http-nio-8080-exec-4] INFO  [SECURITY] c.b.f.security.AuthController - Login attempt - Username: izzy, IP: 0:0:0:0:0:0:0:1
2025-06-22 00:50:37.021 [http-nio-8080-exec-4] INFO  [SECURITY] c.b.f.s.SessionManagementService - Session created: ACCC2FAB7F5ED25C54BDB87F98CE35BA
2025-06-22 00:50:43.350 [http-nio-8080-exec-8] INFO  [SECURITY] c.b.f.s.SessionManagementService - Session destroyed: ACCC2FAB7F5ED25C54BDB87F98CE35BA
2025-06-22 00:51:39.602 [restartedMain] INFO  [SECURITY] o.s.s.web.DefaultSecurityFilterChain - Will secure any request with [org.springframework.security.web.session.DisableEncodeUrlFilter@5d9f5712, org.springframework.security.web.context.request.async.WebAsyncManagerIntegrationFilter@491d27b6, org.springframework.security.web.context.SecurityContextHolderFilter@1121188c, org.springframework.security.web.header.HeaderWriterFilter@38423a39, org.springframework.web.filter.CorsFilter@238377fd, org.springframework.security.web.authentication.logout.LogoutFilter@59f9adea, com.bbzbl.flowerbouquet.security.SecurityFilter@ad8cf95, org.springframework.security.web.session.ConcurrentSessionFilter@6d3c7bf5, org.springframework.security.web.savedrequest.RequestCacheAwareFilter@381b7b63, org.springframework.security.web.servletapi.SecurityContextHolderAwareRequestFilter@4ee801e5, org.springframework.security.web.authentication.AnonymousAuthenticationFilter@9786e83, org.springframework.security.web.session.SessionManagementFilter@4286806d, org.springframework.security.web.access.ExceptionTranslationFilter@205b9741, org.springframework.security.web.access.intercept.AuthorizationFilter@3433cc52]
2025-06-22 00:51:39.740 [scheduling-1] INFO  [SECURITY] c.b.f.s.SecurityMaintenanceScheduler - Security maintenance check completed
2025-06-22 00:51:40.154 [restartedMain] INFO  [SECURITY] c.b.f.s.DatabaseSecurityInitializer - Database detected: H2
2025-06-22 00:51:40.155 [restartedMain] INFO  [SECURITY] c.b.f.s.DatabaseSecurityInitializer - H2 Database detected - skipping advanced security settings for development
2025-06-22 00:51:40.155 [restartedMain] INFO  [SECURITY] c.b.f.s.DatabaseSecurityInitializer - Database security initialization completed successfully
